DsvBootAnimDemo/build/intermediates/manifest_merge_blame_file/debug/manifest-merger-blame-debug-report.txt
1<?xml version="1.0" encoding="utf-8"?>
2<manifest xmlns:android="http://schemas.android.com/apk/res/android"
3    package="com.desaysv.dsvbootanimdemo"
4    android:versionCode="1"
5    android:versionName="1.0" >
6
7    <uses-sdk
8        android:minSdkVersion="21"
8-->src\main\AndroidManifest.xml
9        android:targetSdkVersion="30" />
9-->src\main\AndroidManifest.xml
10
11    <uses-permission android:name="android.permission.FOREGROUND_SERVICE" />
11-->src\main\AndroidManifest.xml:5:5-77
11-->src\main\AndroidManifest.xml:5:22-74
12
13    <application
13-->src\main\AndroidManifest.xml:6:5-28:19
14        android:allowBackup="true"
14-->src\main\AndroidManifest.xml:7:9-35
15        android:appComponentFactory="androidx.core.app.CoreComponentFactory"
15-->[androidx.core:core:1.3.1] AndroidManifest.xml:24:18-86
16        android:debuggable="true"
17        android:icon="@mipmap/ic_launcher"
17-->src\main\AndroidManifest.xml:8:9-43
18        android:label="@string/app_name"
18-->src\main\AndroidManifest.xml:9:9-41
19        android:roundIcon="@mipmap/ic_launcher_round"
19-->src\main\AndroidManifest.xml:10:9-54
20        android:supportsRtl="true"
20-->src\main\AndroidManifest.xml:11:9-35
21        android:theme="@style/Theme.Demo" >
21-->src\main\AndroidManifest.xml:12:9-42
22        <service
22-->src\main\AndroidManifest.xml:13:9-17:19
23            android:name="com.desaysv.dsvbootanimdemo.BootAnimService"
23-->src\main\AndroidManifest.xml:14:13-44
24            android:enabled="true"
24-->src\main\AndroidManifest.xml:15:13-35
25            android:exported="true" >
25-->src\main\AndroidManifest.xml:16:13-36
26        </service>
27
28        <receiver
28-->src\main\AndroidManifest.xml:19:9-26:20
29            android:name="com.desaysv.dsvbootanimdemo.BootAnimReceiver"
29-->src\main\AndroidManifest.xml:20:13-45
30            android:enabled="true"
30-->src\main\AndroidManifest.xml:21:13-35
31            android:exported="true" >
31-->src\main\AndroidManifest.xml:22:13-36
32            <intent-filter android:priority="1000" >
32-->src\main\AndroidManifest.xml:23:13-25:29
32-->src\main\AndroidManifest.xml:23:28-51
33                <action android:name="desaysv.intent.action.bootanim" />
33-->src\main\AndroidManifest.xml:24:17-73
33-->src\main\AndroidManifest.xml:24:25-70
34            </intent-filter>
35        </receiver>
36    </application>
37
38</manifest>